<?xml version="1.0" encoding="UTF-8"?>
<!-- Generated by org.testng.reporters.JUnitXMLReporter -->
<testsuite hostname="HZH4668C" ignored="0" name="Testng Test" tests="2" failures="2" timestamp="05 四月 2017 05:19:38 GMT" time="5.446" errors="0">
  <testcase name="firstTest" time="0.683" classname="com.testng.NewTest">
    <failure type="org.openqa.selenium.NoSuchElementException" message="An element could not be located on the page using the given search parameters. (WARNING: The server did not provide any stacktrace information)
Command duration or timeout: 674 milliseconds
For documentation on this error, please visit: http://seleniumhq.org/exceptions/no_such_element.html
Build info: version: &amp;apos;3.3.1&amp;apos;, revision: &amp;apos;5234b32&amp;apos;, time: &amp;apos;2017-03-10 09:04:52 -0800&amp;apos;
System info: host: &amp;apos;HZH4668C&amp;apos;, ip: &amp;apos;192.168.199.148&amp;apos;, os.name: &amp;apos;Windows 7&amp;apos;, os.arch: &amp;apos;amd64&amp;apos;, os.version: &amp;apos;6.1&amp;apos;, java.version: &amp;apos;1.8.0_92&amp;apos;
Driver info: io.appium.java_client.AppiumDriver
Capabilities [{appPackage=com.svauto.fastrvc, networkConnectionEnabled=true, warnings={}, databaseEnabled=false, deviceName=2e6408f0344c0122, platform=LINUX, appActivity=.FastRvcActivity, desired={appPackage=com.svauto.fastrvc, appActivity=.FastRvcActivity, platformVersion=5.1, browserName=, sessionOverride=true, platformName=Android, deviceName=2e6408f0344c0122}, platformVersion=5.1.1, webStorageEnabled=false, locationContextEnabled=false, browserName=, takesScreenshot=true, javascriptEnabled=true, sessionOverride=true, platformName=Android}]
Session ID: 6bc2694b-c2fb-49c2-ba34-ec5fc4987d45
*** Element info: {Using=id, value=com.android.launcher:id/ts_home_button_item_settings_id}">
      <![CDATA[org.openqa.selenium.NoSuchElementException: An element could not be located on the page using the given search parameters. (WARNING: The server did not provide any stacktrace information)
Command duration or timeout: 674 milliseconds
For documentation on this error, please visit: http://seleniumhq.org/exceptions/no_such_element.html
Build info: version: '3.3.1', revision: '5234b32', time: '2017-03-10 09:04:52 -0800'
System info: host: 'HZH4668C', ip: '192.168.199.148', os.name: 'Windows 7', os.arch: 'amd64', os.version: '6.1', java.version: '1.8.0_92'
Driver info: io.appium.java_client.AppiumDriver
Capabilities [{appPackage=com.svauto.fastrvc, networkConnectionEnabled=true, warnings={}, databaseEnabled=false, deviceName=2e6408f0344c0122, platform=LINUX, appActivity=.FastRvcActivity, desired={appPackage=com.svauto.fastrvc, appActivity=.FastRvcActivity, platformVersion=5.1, browserName=, sessionOverride=true, platformName=Android, deviceName=2e6408f0344c0122}, platformVersion=5.1.1, webStorageEnabled=false, locationContextEnabled=false, browserName=, takesScreenshot=true, javascriptEnabled=true, sessionOverride=true, platformName=Android}]
Session ID: 6bc2694b-c2fb-49c2-ba34-ec5fc4987d45
*** Element info: {Using=id, value=com.android.launcher:id/ts_home_button_item_settings_id}
	at org.openqa.selenium.remote.ErrorHandler.createThrowable(ErrorHandler.java:216)
	at org.openqa.selenium.remote.ErrorHandler.throwIfResponseFailed(ErrorHandler.java:168)
	at org.openqa.selenium.remote.RemoteWebDriver.execute(RemoteWebDriver.java:638)
	at io.appium.java_client.DefaultGenericMobileDriver.execute(DefaultGenericMobileDriver.java:42)
	at io.appium.java_client.AppiumDriver.execute(AppiumDriver.java:1)
	at org.openqa.selenium.remote.RemoteWebDriver.findElement(RemoteWebDriver.java:371)
	at io.appium.java_client.DefaultGenericMobileDriver.findElement(DefaultGenericMobileDriver.java:62)
	at io.appium.java_client.AppiumDriver.findElement(AppiumDriver.java:1)
	at org.openqa.selenium.remote.RemoteWebDriver.findElementById(RemoteWebDriver.java:420)
	at io.appium.java_client.DefaultGenericMobileDriver.findElementById(DefaultGenericMobileDriver.java:70)
	at io.appium.java_client.AppiumDriver.findElementById(AppiumDriver.java:1)
	at org.openqa.selenium.By$ById.findElement(By.java:218)
	at org.openqa.selenium.remote.RemoteWebDriver.findElement(RemoteWebDriver.java:363)
	at io.appium.java_client.DefaultGenericMobileDriver.findElement(DefaultGenericMobileDriver.java:58)
	at io.appium.java_client.AppiumDriver.findElement(AppiumDriver.java:1)
	at com.testng.NewTest.firstTest(NewTest.java:30)
... Removed 29 stack frames]]>
    </failure>
  </testcase> <!-- firstTest -->
  <testcase name="secondTest" time="0.041" classname="com.testng.NewTest">
    <failure type="org.openqa.selenium.NoSuchElementException" message="An element could not be located on the page using the given search parameters. (WARNING: The server did not provide any stacktrace information)
Command duration or timeout: 40 milliseconds
For documentation on this error, please visit: http://seleniumhq.org/exceptions/no_such_element.html
Build info: version: &amp;apos;3.3.1&amp;apos;, revision: &amp;apos;5234b32&amp;apos;, time: &amp;apos;2017-03-10 09:04:52 -0800&amp;apos;
System info: host: &amp;apos;HZH4668C&amp;apos;, ip: &amp;apos;192.168.199.148&amp;apos;, os.name: &amp;apos;Windows 7&amp;apos;, os.arch: &amp;apos;amd64&amp;apos;, os.version: &amp;apos;6.1&amp;apos;, java.version: &amp;apos;1.8.0_92&amp;apos;
Driver info: io.appium.java_client.AppiumDriver
Capabilities [{appPackage=com.svauto.fastrvc, networkConnectionEnabled=true, warnings={}, databaseEnabled=false, deviceName=2e6408f0344c0122, platform=LINUX, appActivity=.FastRvcActivity, desired={appPackage=com.svauto.fastrvc, appActivity=.FastRvcActivity, platformVersion=5.1, browserName=, sessionOverride=true, platformName=Android, deviceName=2e6408f0344c0122}, platformVersion=5.1.1, webStorageEnabled=false, locationContextEnabled=false, browserName=, takesScreenshot=true, javascriptEnabled=true, sessionOverride=true, platformName=Android}]
Session ID: 6bc2694b-c2fb-49c2-ba34-ec5fc4987d45
*** Element info: {Using=id, value=com.android.launcher:id/ts_home_button_item_call_id}">
      <![CDATA[org.openqa.selenium.NoSuchElementException: An element could not be located on the page using the given search parameters. (WARNING: The server did not provide any stacktrace information)
Command duration or timeout: 40 milliseconds
For documentation on this error, please visit: http://seleniumhq.org/exceptions/no_such_element.html
Build info: version: '3.3.1', revision: '5234b32', time: '2017-03-10 09:04:52 -0800'
System info: host: 'HZH4668C', ip: '192.168.199.148', os.name: 'Windows 7', os.arch: 'amd64', os.version: '6.1', java.version: '1.8.0_92'
Driver info: io.appium.java_client.AppiumDriver
Capabilities [{appPackage=com.svauto.fastrvc, networkConnectionEnabled=true, warnings={}, databaseEnabled=false, deviceName=2e6408f0344c0122, platform=LINUX, appActivity=.FastRvcActivity, desired={appPackage=com.svauto.fastrvc, appActivity=.FastRvcActivity, platformVersion=5.1, browserName=, sessionOverride=true, platformName=Android, deviceName=2e6408f0344c0122}, platformVersion=5.1.1, webStorageEnabled=false, locationContextEnabled=false, browserName=, takesScreenshot=true, javascriptEnabled=true, sessionOverride=true, platformName=Android}]
Session ID: 6bc2694b-c2fb-49c2-ba34-ec5fc4987d45
*** Element info: {Using=id, value=com.android.launcher:id/ts_home_button_item_call_id}
	at org.openqa.selenium.remote.ErrorHandler.createThrowable(ErrorHandler.java:216)
	at org.openqa.selenium.remote.ErrorHandler.throwIfResponseFailed(ErrorHandler.java:168)
	at org.openqa.selenium.remote.RemoteWebDriver.execute(RemoteWebDriver.java:638)
	at io.appium.java_client.DefaultGenericMobileDriver.execute(DefaultGenericMobileDriver.java:42)
	at io.appium.java_client.AppiumDriver.execute(AppiumDriver.java:1)
	at org.openqa.selenium.remote.RemoteWebDriver.findElement(RemoteWebDriver.java:371)
	at io.appium.java_client.DefaultGenericMobileDriver.findElement(DefaultGenericMobileDriver.java:62)
	at io.appium.java_client.AppiumDriver.findElement(AppiumDriver.java:1)
	at org.openqa.selenium.remote.RemoteWebDriver.findElementById(RemoteWebDriver.java:420)
	at io.appium.java_client.DefaultGenericMobileDriver.findElementById(DefaultGenericMobileDriver.java:70)
	at io.appium.java_client.AppiumDriver.findElementById(AppiumDriver.java:1)
	at org.openqa.selenium.By$ById.findElement(By.java:218)
	at org.openqa.selenium.remote.RemoteWebDriver.findElement(RemoteWebDriver.java:363)
	at io.appium.java_client.DefaultGenericMobileDriver.findElement(DefaultGenericMobileDriver.java:58)
	at io.appium.java_client.AppiumDriver.findElement(AppiumDriver.java:1)
	at com.testng.NewTest.secondTest(NewTest.java:37)
... Removed 29 stack frames]]>
    </failure>
  </testcase> <!-- secondTest -->
</testsuite> <!-- Testng Test -->
